{"/Users/uanela_como/Documents/development/nodejs/tsx-strict/src/compiler-provider.ts": {"path":"/Users/uanela_como/Documents/development/nodejs/tsx-strict/src/compiler-provider.ts","statementMap":{"0":{"start":{"line":1,"column":0},"end":{"line":1,"column":16}},"1":{"start":{"line":5,"column":2},"end":{"line":5,"column":55}},"2":{"start":{"line":5,"column":20},"end":{"line":5,"column":55}},"3":{"start":{"line":7,"column":2},"end":{"line":11,"column":3}},"4":{"start":{"line":8,"column":4},"end":{"line":8,"column":61}},"5":{"start":{"line":13,"column":2},"end":{"line":21,"column":3}},"6":{"start":{"line":14,"column":4},"end":{"line":14,"column":33}},"7":{"start":{"line":16,"column":4},"end":{"line":19,"column":5}},"8":{"start":{"line":17,"column":6},"end":{"line":17,"column":31}},"9":{"start":{"line":18,"column":6},"end":{"line":18,"column":22}},"10":{"start":{"line":20,"column":4},"end":{"line":20,"column":12}}},"fnMap":{"0":{"name":"getCompilerPath","decl":{"start":{"line":1,"column":16},"end":{"line":1,"column":31}},"loc":{"start":{"line":3,"column":52},"end":{"line":22,"column":1}}}},"branchMap":{"0":{"loc":{"start":{"line":3,"column":2},"end":{"line":3,"column":52}},"type":"default-arg","locations":[{"start":{"line":3,"column":37},"end":{"line":3,"column":52}}]},"1":{"loc":{"start":{"line":5,"column":2},"end":{"line":5,"column":55}},"type":"if","locations":[{"start":{"line":5,"column":2},"end":{"line":5,"column":55}},{"start":{},"end":{}}]},"2":{"loc":{"start":{"line":16,"column":4},"end":{"line":19,"column":5}},"type":"if","locations":[{"start":{"line":16,"column":4},"end":{"line":19,"column":5}},{"start":{},"end":{}}]}},"s":{"0":1,"1":0,"2":0,"3":0,"4":0,"5":0,"6":0,"7":0,"8":0,"9":0,"10":0},"f":{"0":0},"b":{"0":[0],"1":[0,0],"2":[0,0]}}
,"/Users/uanela_como/Documents/development/nodejs/tsx-strict/src/index.ts": {"path":"/Users/uanela_como/Documents/development/nodejs/tsx-strict/src/index.ts","statementMap":{"0":{"start":{"line":14,"column":0},"end":{"line":14,"column":16}},"1":{"start":{"line":18,"column":0},"end":{"line":18,"column":16}},"2":{"start":{"line":22,"column":0},"end":{"line":22,"column":7}},"3":{"start":{"line":3,"column":0},"end":{"line":3,"column":54}},"4":{"start":{"line":4,"column":0},"end":{"line":4,"column":32}},"5":{"start":{"line":5,"column":0},"end":{"line":5,"column":31}},"6":{"start":{"line":6,"column":0},"end":{"line":6,"column":58}},"7":{"start":{"line":7,"column":0},"end":{"line":7,"column":43}},"8":{"start":{"line":8,"column":0},"end":{"line":8,"column":41}},"9":{"start":{"line":9,"column":0},"end":{"line":9,"column":54}},"10":{"start":{"line":11,"column":16},"end":{"line":11,"column":20}},"11":{"start":{"line":12,"column":11},"end":{"line":12,"column":58}},"12":{"start":{"line":15,"column":2},"end":{"line":15,"column":20}},"13":{"start":{"line":19,"column":2},"end":{"line":19,"column":19}},"14":{"start":{"line":31,"column":6},"end":{"line":31,"column":13}},"15":{"start":{"line":33,"column":2},"end":{"line":33,"column":18}},"16":{"start":{"line":34,"column":2},"end":{"line":34,"column":25}},"17":{"start":{"line":34,"column":18},"end":{"line":34,"column":25}},"18":{"start":{"line":37,"column":25},"end":{"line":37,"column":27}},"19":{"start":{"line":39,"column":4},"end":{"line":40,"column":49}},"20":{"start":{"line":39,"column":25},"end":{"line":39,"column":70}},"21":{"start":{"line":40,"column":9},"end":{"line":40,"column":49}},"22":{"start":{"line":40,"column":20},"end":{"line":40,"column":49}},"23":{"start":{"line":42,"column":4},"end":{"line":42,"column":28}},"24":{"start":{"line":44,"column":4},"end":{"line":55,"column":5}},"25":{"start":{"line":45,"column":29},"end":{"line":48,"column":50}},"26":{"start":{"line":48,"column":35},"end":{"line":48,"column":49}},"27":{"start":{"line":50,"column":25},"end":{"line":51,"column":null}},"28":{"start":{"line":53,"column":6},"end":{"line":53,"column":30}},"29":{"start":{"line":54,"column":6},"end":{"line":54,"column":39}},"30":{"start":{"line":57,"column":23},"end":{"line":57,"column":58}},"31":{"start":{"line":59,"column":4},"end":{"line":59,"column":32}},"32":{"start":{"line":62,"column":23},"end":{"line":62,"column":25}},"33":{"start":{"line":64,"column":19},"end":{"line":64,"column":75}},"34":{"start":{"line":66,"column":2},"end":{"line":66,"column":47}},"35":{"start":{"line":68,"column":2},"end":{"line":68,"column":32}},"36":{"start":{"line":70,"column":2},"end":{"line":70,"column":42}},"37":{"start":{"line":70,"column":13},"end":{"line":70,"column":42}},"38":{"start":{"line":72,"column":2},"end":{"line":83,"column":3}},"39":{"start":{"line":73,"column":27},"end":{"line":76,"column":48}},"40":{"start":{"line":76,"column":33},"end":{"line":76,"column":47}},"41":{"start":{"line":78,"column":23},"end":{"line":79,"column":null}},"42":{"start":{"line":81,"column":4},"end":{"line":81,"column":28}},"43":{"start":{"line":82,"column":4},"end":{"line":82,"column":37}},"44":{"start":{"line":85,"column":21},"end":{"line":85,"column":66}},"45":{"start":{"line":86,"column":2},"end":{"line":86,"column":78}},"46":{"start":{"line":86,"column":26},"end":{"line":86,"column":78}},"47":{"start":{"line":87,"column":2},"end":{"line":87,"column":78}},"48":{"start":{"line":87,"column":26},"end":{"line":87,"column":78}},"49":{"start":{"line":89,"column":2},"end":{"line":91,"column":5}},"50":{"start":{"line":90,"column":4},"end":{"line":90,"column":59}},"51":{"start":{"line":90,"column":25},"end":{"line":90,"column":59}},"52":{"start":{"line":93,"column":2},"end":{"line":93,"column":41}},"53":{"start":{"line":95,"column":22},"end":{"line":95,"column":23}},"54":{"start":{"line":96,"column":35},"end":{"line":96,"column":40}},"55":{"start":{"line":98,"column":13},"end":{"line":98,"column":58}},"56":{"start":{"line":100,"column":2},"end":{"line":140,"column":5}},"57":{"start":{"line":101,"column":4},"end":{"line":103,"column":7}},"58":{"start":{"line":105,"column":18},"end":{"line":105,"column":35}},"59":{"start":{"line":106,"column":31},"end":{"line":106,"column":55}},"60":{"start":{"line":107,"column":29},"end":{"line":107,"column":51}},"61":{"start":{"line":108,"column":32},"end":{"line":108,"column":57}},"62":{"start":{"line":110,"column":4},"end":{"line":111,"column":78}},"63":{"start":{"line":113,"column":4},"end":{"line":113,"column":71}},"64":{"start":{"line":113,"column":36},"end":{"line":113,"column":71}},"65":{"start":{"line":115,"column":4},"end":{"line":122,"column":5}},"66":{"start":{"line":116,"column":6},"end":{"line":116,"column":22}},"67":{"start":{"line":117,"column":6},"end":{"line":121,"column":9}},"68":{"start":{"line":118,"column":8},"end":{"line":118,"column":60}},"69":{"start":{"line":118,"column":53},"end":{"line":118,"column":60}},"70":{"start":{"line":120,"column":8},"end":{"line":120,"column":29}},"71":{"start":{"line":124,"column":4},"end":{"line":139,"column":5}},"72":{"start":{"line":125,"column":6},"end":{"line":125,"column":22}},"73":{"start":{"line":126,"column":6},"end":{"line":138,"column":9}},"74":{"start":{"line":127,"column":8},"end":{"line":127,"column":60}},"75":{"start":{"line":127,"column":53},"end":{"line":127,"column":60}},"76":{"start":{"line":128,"column":8},"end":{"line":137,"column":9}},"77":{"start":{"line":128,"column":40},"end":{"line":128,"column":58}},"78":{"start":{"line":130,"column":10},"end":{"line":133,"column":11}},"79":{"start":{"line":131,"column":12},"end":{"line":131,"column":30}},"80":{"start":{"line":132,"column":12},"end":{"line":132,"column":38}},"81":{"start":{"line":135,"column":10},"end":{"line":135,"column":31}},"82":{"start":{"line":136,"column":10},"end":{"line":136,"column":26}},"83":{"start":{"line":142,"column":2},"end":{"line":146,"column":7}},"84":{"start":{"line":143,"column":4},"end":{"line":146,"column":7}},"85":{"start":{"line":144,"column":6},"end":{"line":145,"column":40}},"86":{"start":{"line":145,"column":8},"end":{"line":145,"column":40}},"87":{"start":{"line":148,"column":21},"end":{"line":148,"column":71}},"88":{"start":{"line":148,"column":38},"end":{"line":148,"column":71}},"89":{"start":{"line":150,"column":17},"end":{"line":156,"column":4}},"90":{"start":{"line":151,"column":23},"end":{"line":151,"column":44}},"91":{"start":{"line":152,"column":28},"end":{"line":152,"column":55}},"92":{"start":{"line":153,"column":23},"end":{"line":153,"column":44}},"93":{"start":{"line":154,"column":20},"end":{"line":154,"column":48}},"94":{"start":{"line":155,"column":32},"end":{"line":155,"column":66}},"95":{"start":{"line":158,"column":2},"end":{"line":165,"column":5}},"96":{"start":{"line":159,"column":4},"end":{"line":159,"column":47}},"97":{"start":{"line":159,"column":16},"end":{"line":159,"column":47}},"98":{"start":{"line":161,"column":4},"end":{"line":161,"column":48}},"99":{"start":{"line":161,"column":32},"end":{"line":161,"column":46}},"100":{"start":{"line":163,"column":4},"end":{"line":163,"column":16}},"101":{"start":{"line":164,"column":4},"end":{"line":164,"column":17}}},"fnMap":{"0":{"name":"setTsxKiller","decl":{"start":{"line":14,"column":16},"end":{"line":14,"column":28}},"loc":{"start":{"line":14,"column":52},"end":{"line":16,"column":1}}},"1":{"name":"getTsxKiller","decl":{"start":{"line":18,"column":16},"end":{"line":18,"column":28}},"loc":{"start":{"line":18,"column":28},"end":{"line":20,"column":1}}},"2":{"name":"runTsxStrict","decl":{"start":{"line":22,"column":22},"end":{"line":22,"column":34}},"loc":{"start":{"line":22,"column":77},"end":{"line":166,"column":1}}},"3":{"name":"runTsxCommand","decl":{"start":{"line":36,"column":11},"end":{"line":36,"column":24}},"loc":{"start":{"line":36,"column":24},"end":{"line":60,"column":3}}},"4":{"name":"(anonymous_14)","decl":{"start":{"line":48,"column":16},"end":{"line":48,"column":17}},"loc":{"start":{"line":48,"column":35},"end":{"line":48,"column":49}}},"5":{"name":"(anonymous_15)","decl":{"start":{"line":76,"column":14},"end":{"line":76,"column":15}},"loc":{"start":{"line":76,"column":33},"end":{"line":76,"column":47}}},"6":{"name":"(anonymous_16)","decl":{"start":{"line":89,"column":24},"end":{"line":89,"column":25}},"loc":{"start":{"line":89,"column":68},"end":{"line":91,"column":3}}},"7":{"name":"(anonymous_17)","decl":{"start":{"line":100,"column":16},"end":{"line":100,"column":26}},"loc":{"start":{"line":100,"column":30},"end":{"line":140,"column":3}}},"8":{"name":"(anonymous_18)","decl":{"start":{"line":117,"column":40},"end":{"line":117,"column":41}},"loc":{"start":{"line":117,"column":71},"end":{"line":121,"column":7}}},"9":{"name":"(anonymous_19)","decl":{"start":{"line":126,"column":40},"end":{"line":126,"column":41}},"loc":{"start":{"line":126,"column":71},"end":{"line":138,"column":7}}},"10":{"name":"(anonymous_20)","decl":{"start":{"line":143,"column":26},"end":{"line":143,"column":27}},"loc":{"start":{"line":143,"column":42},"end":{"line":146,"column":5}}},"11":{"name":"(anonymous_21)","decl":{"start":{"line":148,"column":21},"end":{"line":148,"column":22}},"loc":{"start":{"line":148,"column":38},"end":{"line":148,"column":71}}},"12":{"name":"(anonymous_22)","decl":{"start":{"line":151,"column":17},"end":{"line":151,"column":20}},"loc":{"start":{"line":151,"column":23},"end":{"line":151,"column":44}}},"13":{"name":"(anonymous_23)","decl":{"start":{"line":152,"column":22},"end":{"line":152,"column":25}},"loc":{"start":{"line":152,"column":28},"end":{"line":152,"column":55}}},"14":{"name":"(anonymous_24)","decl":{"start":{"line":153,"column":17},"end":{"line":153,"column":20}},"loc":{"start":{"line":153,"column":23},"end":{"line":153,"column":44}}},"15":{"name":"(anonymous_25)","decl":{"start":{"line":154,"column":14},"end":{"line":154,"column":17}},"loc":{"start":{"line":154,"column":20},"end":{"line":154,"column":48}}},"16":{"name":"(anonymous_26)","decl":{"start":{"line":155,"column":14},"end":{"line":155,"column":15}},"loc":{"start":{"line":155,"column":32},"end":{"line":155,"column":66}}},"17":{"name":"(anonymous_27)","decl":{"start":{"line":158,"column":14},"end":{"line":158,"column":15}},"loc":{"start":{"line":158,"column":66},"end":{"line":165,"column":3}}},"18":{"name":"(anonymous_28)","decl":{"start":{"line":161,"column":26},"end":{"line":161,"column":29}},"loc":{"start":{"line":161,"column":32},"end":{"line":161,"column":46}}}},"branchMap":{"0":{"loc":{"start":{"line":24,"column":4},"end":{"line":24,"column":16}},"type":"default-arg","locations":[{"start":{"line":24,"column":12},"end":{"line":24,"column":16}}]},"1":{"loc":{"start":{"line":25,"column":4},"end":{"line":25,"column":20}},"type":"default-arg","locations":[{"start":{"line":25,"column":16},"end":{"line":25,"column":20}}]},"2":{"loc":{"start":{"line":26,"column":4},"end":{"line":26,"column":20}},"type":"default-arg","locations":[{"start":{"line":26,"column":15},"end":{"line":26,"column":20}}]},"3":{"loc":{"start":{"line":27,"column":4},"end":{"line":27,"column":17}},"type":"default-arg","locations":[{"start":{"line":27,"column":12},"end":{"line":27,"column":17}}]},"4":{"loc":{"start":{"line":28,"column":4},"end":{"line":28,"column":16}},"type":"default-arg","locations":[{"start":{"line":28,"column":14},"end":{"line":28,"column":16}}]},"5":{"loc":{"start":{"line":29,"column":4},"end":{"line":29,"column":16}},"type":"default-arg","locations":[{"start":{"line":29,"column":14},"end":{"line":29,"column":16}}]},"6":{"loc":{"start":{"line":34,"column":2},"end":{"line":34,"column":25}},"type":"if","locations":[{"start":{"line":34,"column":2},"end":{"line":34,"column":25}},{"start":{},"end":{}}]},"7":{"loc":{"start":{"line":39,"column":4},"end":{"line":40,"column":49}},"type":"if","locations":[{"start":{"line":39,"column":4},"end":{"line":40,"column":49}},{"start":{"line":40,"column":9},"end":{"line":40,"column":49}}]},"8":{"loc":{"start":{"line":39,"column":8},"end":{"line":39,"column":23}},"type":"binary-expr","locations":[{"start":{"line":39,"column":8},"end":{"line":39,"column":14}},{"start":{"line":39,"column":18},"end":{"line":39,"column":23}}]},"9":{"loc":{"start":{"line":40,"column":9},"end":{"line":40,"column":49}},"type":"if","locations":[{"start":{"line":40,"column":9},"end":{"line":40,"column":49}},{"start":{},"end":{}}]},"10":{"loc":{"start":{"line":44,"column":4},"end":{"line":55,"column":5}},"type":"if","locations":[{"start":{"line":44,"column":4},"end":{"line":55,"column":5}},{"start":{},"end":{}}]},"11":{"loc":{"start":{"line":64,"column":19},"end":{"line":64,"column":75}},"type":"cond-expr","locations":[{"start":{"line":64,"column":32},"end":{"line":64,"column":70}},{"start":{"line":64,"column":73},"end":{"line":64,"column":75}}]},"12":{"loc":{"start":{"line":70,"column":2},"end":{"line":70,"column":42}},"type":"if","locations":[{"start":{"line":70,"column":2},"end":{"line":70,"column":42}},{"start":{},"end":{}}]},"13":{"loc":{"start":{"line":72,"column":2},"end":{"line":83,"column":3}},"type":"if","locations":[{"start":{"line":72,"column":2},"end":{"line":83,"column":3}},{"start":{},"end":{}}]},"14":{"loc":{"start":{"line":86,"column":2},"end":{"line":86,"column":78}},"type":"if","locations":[{"start":{"line":86,"column":2},"end":{"line":86,"column":78}},{"start":{},"end":{}}]},"15":{"loc":{"start":{"line":87,"column":2},"end":{"line":87,"column":78}},"type":"if","locations":[{"start":{"line":87,"column":2},"end":{"line":87,"column":78}},{"start":{},"end":{}}]},"16":{"loc":{"start":{"line":90,"column":4},"end":{"line":90,"column":59}},"type":"if","locations":[{"start":{"line":90,"column":4},"end":{"line":90,"column":59}},{"start":{},"end":{}}]},"17":{"loc":{"start":{"line":111,"column":6},"end":{"line":111,"column":77}},"type":"binary-expr","locations":[{"start":{"line":111,"column":7},"end":{"line":111,"column":26}},{"start":{"line":111,"column":30},"end":{"line":111,"column":56}},{"start":{"line":111,"column":61},"end":{"line":111,"column":77}}]},"18":{"loc":{"start":{"line":113,"column":4},"end":{"line":113,"column":71}},"type":"if","locations":[{"start":{"line":113,"column":4},"end":{"line":113,"column":71}},{"start":{},"end":{}}]},"19":{"loc":{"start":{"line":115,"column":4},"end":{"line":122,"column":5}},"type":"if","locations":[{"start":{"line":115,"column":4},"end":{"line":122,"column":5}},{"start":{},"end":{}}]},"20":{"loc":{"start":{"line":118,"column":8},"end":{"line":118,"column":60}},"type":"if","locations":[{"start":{"line":118,"column":8},"end":{"line":118,"column":60}},{"start":{},"end":{}}]},"21":{"loc":{"start":{"line":124,"column":4},"end":{"line":139,"column":5}},"type":"if","locations":[{"start":{"line":124,"column":4},"end":{"line":139,"column":5}},{"start":{},"end":{}}]},"22":{"loc":{"start":{"line":127,"column":8},"end":{"line":127,"column":60}},"type":"if","locations":[{"start":{"line":127,"column":8},"end":{"line":127,"column":60}},{"start":{},"end":{}}]},"23":{"loc":{"start":{"line":128,"column":8},"end":{"line":137,"column":9}},"type":"if","locations":[{"start":{"line":128,"column":8},"end":{"line":137,"column":9}},{"start":{"line":129,"column":13},"end":{"line":137,"column":9}}]},"24":{"loc":{"start":{"line":130,"column":10},"end":{"line":133,"column":11}},"type":"if","locations":[{"start":{"line":130,"column":10},"end":{"line":133,"column":11}},{"start":{},"end":{}}]},"25":{"loc":{"start":{"line":142,"column":2},"end":{"line":146,"column":7}},"type":"if","locations":[{"start":{"line":142,"column":2},"end":{"line":146,"column":7}},{"start":{},"end":{}}]},"26":{"loc":{"start":{"line":144,"column":6},"end":{"line":145,"column":40}},"type":"if","locations":[{"start":{"line":144,"column":6},"end":{"line":145,"column":40}},{"start":{},"end":{}}]},"27":{"loc":{"start":{"line":144,"column":10},"end":{"line":144,"column":55}},"type":"binary-expr","locations":[{"start":{"line":144,"column":10},"end":{"line":144,"column":42}},{"start":{"line":144,"column":46},"end":{"line":144,"column":55}}]},"28":{"loc":{"start":{"line":148,"column":38},"end":{"line":148,"column":71}},"type":"binary-expr","locations":[{"start":{"line":148,"column":38},"end":{"line":148,"column":50}},{"start":{"line":148,"column":54},"end":{"line":148,"column":71}}]},"29":{"loc":{"start":{"line":159,"column":4},"end":{"line":159,"column":47}},"type":"if","locations":[{"start":{"line":159,"column":4},"end":{"line":159,"column":47}},{"start":{},"end":{}}]}},"s":{"0":2,"1":2,"2":2,"3":2,"4":2,"5":2,"6":2,"7":2,"8":2,"9":2,"10":2,"11":2,"12":3,"13":2,"14":29,"15":29,"16":29,"17":1,"18":32,"19":32,"20":1,"21":31,"22":3,"23":32,"24":32,"25":2,"26":3,"27":2,"28":2,"29":2,"30":32,"31":32,"32":28,"33":28,"34":28,"35":28,"36":28,"37":4,"38":28,"39":2,"40":3,"41":2,"42":2,"43":2,"44":28,"45":28,"46":1,"47":27,"48":1,"49":26,"50":2,"51":1,"52":26,"53":26,"54":26,"55":26,"56":26,"57":11,"58":11,"59":11,"60":11,"61":11,"62":11,"63":11,"64":1,"65":11,"66":2,"67":2,"68":2,"69":0,"70":2,"71":11,"72":4,"73":4,"74":4,"75":0,"76":4,"77":2,"78":2,"79":1,"80":1,"81":2,"82":2,"83":26,"84":26,"85":1,"86":1,"87":26,"88":8,"89":26,"90":2,"91":1,"92":2,"93":2,"94":1,"95":26,"96":2,"97":1,"98":2,"99":2,"100":2,"101":2},"f":{"0":3,"1":2,"2":29,"3":32,"4":3,"5":3,"6":2,"7":11,"8":2,"9":4,"10":1,"11":8,"12":2,"13":1,"14":2,"15":2,"16":1,"17":2,"18":2},"b":{"0":[27],"1":[28],"2":[28],"3":[25],"4":[27],"5":[27],"6":[1,28],"7":[1,31],"8":[32,2],"9":[3,28],"10":[2,30],"11":[1,27],"12":[4,24],"13":[2,26],"14":[1,27],"15":[1,26],"16":[1,1],"17":[11,9,9],"18":[1,10],"19":[2,9],"20":[0,2],"21":[4,7],"22":[0,4],"23":[2,2],"24":[1,1],"25":[26,0],"26":[1,0],"27":[1,1],"28":[8,8],"29":[1,1]}}
,"/Users/uanela_como/Documents/development/nodejs/tsx-strict/src/killer.ts": {"path":"/Users/uanela_como/Documents/development/nodejs/tsx-strict/src/killer.ts","statementMap":{"0":{"start":{"line":18,"column":0},"end":{"line":18,"column":16}},"1":{"start":{"line":43,"column":0},"end":{"line":43,"column":7}},"2":{"start":{"line":1,"column":0},"end":{"line":1,"column":29}},"3":{"start":{"line":2,"column":0},"end":{"line":2,"column":32}},"4":{"start":{"line":3,"column":0},"end":{"line":3,"column":51}},"5":{"start":{"line":4,"column":0},"end":{"line":4,"column":47}},"6":{"start":{"line":6,"column":18},"end":{"line":6,"column":22}},"7":{"start":{"line":7,"column":12},"end":{"line":7,"column":16}},"8":{"start":{"line":9,"column":18},"end":{"line":9,"column":46}},"9":{"start":{"line":12,"column":0},"end":{"line":16,"column":3}},"10":{"start":{"line":13,"column":2},"end":{"line":15,"column":3}},"11":{"start":{"line":14,"column":4},"end":{"line":14,"column":18}},"12":{"start":{"line":19,"column":2},"end":{"line":38,"column":5}},"13":{"start":{"line":20,"column":4},"end":{"line":23,"column":5}},"14":{"start":{"line":21,"column":6},"end":{"line":21,"column":16}},"15":{"start":{"line":22,"column":6},"end":{"line":22,"column":13}},"16":{"start":{"line":25,"column":4},"end":{"line":37,"column":5}},"17":{"start":{"line":26,"column":6},"end":{"line":26,"column":64}},"18":{"start":{"line":26,"column":53},"end":{"line":26,"column":62}},"19":{"start":{"line":28,"column":6},"end":{"line":36,"column":7}},"20":{"start":{"line":29,"column":8},"end":{"line":33,"column":11}},"21":{"start":{"line":30,"column":27},"end":{"line":30,"column":49}},"22":{"start":{"line":30,"column":43},"end":{"line":30,"column":48}},"23":{"start":{"line":31,"column":23},"end":{"line":31,"column":78}},"24":{"start":{"line":32,"column":10},"end":{"line":32,"column":51}},"25":{"start":{"line":35,"column":8},"end":{"line":35,"column":67}},"26":{"start":{"line":35,"column":56},"end":{"line":35,"column":65}},"27":{"start":{"line":41,"column":58},"end":{"line":41,"column":62}},"28":{"start":{"line":47,"column":2},"end":{"line":49,"column":3}},"29":{"start":{"line":48,"column":4},"end":{"line":48,"column":72}},"30":{"start":{"line":48,"column":50},"end":{"line":48,"column":70}},"31":{"start":{"line":51,"column":44},"end":{"line":51,"column":46}},"32":{"start":{"line":53,"column":20},"end":{"line":53,"column":34}},"33":{"start":{"line":54,"column":2},"end":{"line":57,"column":3}},"34":{"start":{"line":55,"column":4},"end":{"line":55,"column":40}},"35":{"start":{"line":56,"column":4},"end":{"line":56,"column":23}},"36":{"start":{"line":59,"column":2},"end":{"line":68,"column":7}},"37":{"start":{"line":61,"column":6},"end":{"line":61,"column":41}},"38":{"start":{"line":62,"column":6},"end":{"line":62,"column":34}},"39":{"start":{"line":65,"column":6},"end":{"line":65,"column":55}},"40":{"start":{"line":66,"column":6},"end":{"line":66,"column":41}},"41":{"start":{"line":67,"column":6},"end":{"line":67,"column":34}},"42":{"start":{"line":70,"column":2},"end":{"line":70,"column":37}}},"fnMap":{"0":{"name":"(anonymous_1)","decl":{"start":{"line":12,"column":11},"end":{"line":12,"column":21}},"loc":{"start":{"line":12,"column":26},"end":{"line":16,"column":1}}},"1":{"name":"kill","decl":{"start":{"line":18,"column":16},"end":{"line":18,"column":20}},"loc":{"start":{"line":18,"column":40},"end":{"line":39,"column":1}}},"2":{"name":"(anonymous_3)","decl":{"start":{"line":19,"column":27},"end":{"line":19,"column":28}},"loc":{"start":{"line":19,"column":39},"end":{"line":38,"column":3}}},"3":{"name":"(anonymous_4)","decl":{"start":{"line":26,"column":47},"end":{"line":26,"column":50}},"loc":{"start":{"line":26,"column":53},"end":{"line":26,"column":62}}},"4":{"name":"(anonymous_5)","decl":{"start":{"line":29,"column":26},"end":{"line":29,"column":27}},"loc":{"start":{"line":29,"column":38},"end":{"line":33,"column":9}}},"5":{"name":"(anonymous_6)","decl":{"start":{"line":30,"column":36},"end":{"line":30,"column":37}},"loc":{"start":{"line":30,"column":43},"end":{"line":30,"column":48}}},"6":{"name":"(anonymous_7)","decl":{"start":{"line":35,"column":50},"end":{"line":35,"column":53}},"loc":{"start":{"line":35,"column":56},"end":{"line":35,"column":65}}},"7":{"name":"(anonymous_9)","decl":{"start":{"line":48,"column":44},"end":{"line":48,"column":47}},"loc":{"start":{"line":48,"column":50},"end":{"line":48,"column":70}}},"8":{"name":"(anonymous_10)","decl":{"start":{"line":60,"column":10},"end":{"line":60,"column":13}},"loc":{"start":{"line":60,"column":15},"end":{"line":63,"column":5}}},"9":{"name":"(anonymous_11)","decl":{"start":{"line":64,"column":11},"end":{"line":64,"column":12}},"loc":{"start":{"line":64,"column":21},"end":{"line":68,"column":5}}}},"branchMap":{"0":{"loc":{"start":{"line":13,"column":2},"end":{"line":15,"column":3}},"type":"if","locations":[{"start":{"line":13,"column":2},"end":{"line":15,"column":3}},{"start":{},"end":{}}]},"1":{"loc":{"start":{"line":20,"column":4},"end":{"line":23,"column":5}},"type":"if","locations":[{"start":{"line":20,"column":4},"end":{"line":23,"column":5}},{"start":{},"end":{}}]},"2":{"loc":{"start":{"line":25,"column":4},"end":{"line":37,"column":5}},"type":"if","locations":[{"start":{"line":25,"column":4},"end":{"line":37,"column":5}},{"start":{"line":27,"column":11},"end":{"line":37,"column":5}}]},"3":{"loc":{"start":{"line":28,"column":6},"end":{"line":36,"column":7}},"type":"if","locations":[{"start":{"line":28,"column":6},"end":{"line":36,"column":7}},{"start":{"line":34,"column":13},"end":{"line":36,"column":7}}]},"4":{"loc":{"start":{"line":47,"column":2},"end":{"line":49,"column":3}},"type":"if","locations":[{"start":{"line":47,"column":2},"end":{"line":49,"column":3}},{"start":{},"end":{}}]},"5":{"loc":{"start":{"line":54,"column":2},"end":{"line":57,"column":3}},"type":"if","locations":[{"start":{"line":54,"column":2},"end":{"line":57,"column":3}},{"start":{},"end":{}}]}},"s":{"0":1,"1":1,"2":1,"3":1,"4":1,"5":1,"6":1,"7":1,"8":1,"9":1,"10":1,"11":0,"12":0,"13":0,"14":0,"15":0,"16":0,"17":0,"18":0,"19":0,"20":0,"21":0,"22":0,"23":0,"24":0,"25":0,"26":0,"27":1,"28":0,"29":0,"30":0,"31":0,"32":0,"33":0,"34":0,"35":0,"36":0,"37":0,"38":0,"39":0,"40":0,"41":0,"42":0},"f":{"0":1,"1":0,"2":0,"3":0,"4":0,"5":0,"6":0,"7":0,"8":0,"9":0},"b":{"0":[0,1],"1":[0,0],"2":[0,0],"3":[0,0],"4":[0,0],"5":[0,0]}}
,"/Users/uanela_como/Documents/development/nodejs/tsx-strict/src/runner.ts": {"path":"/Users/uanela_como/Documents/development/nodejs/tsx-strict/src/runner.ts","statementMap":{"0":{"start":{"line":15,"column":0},"end":{"line":15,"column":16}},"1":{"start":{"line":2,"column":0},"end":{"line":2,"column":32}},"2":{"start":{"line":3,"column":0},"end":{"line":3,"column":37}},"3":{"start":{"line":4,"column":0},"end":{"line":4,"column":32}},"4":{"start":{"line":7,"column":26},"end":{"line":7,"column":49}},"5":{"start":{"line":8,"column":15},"end":{"line":8,"column":23}},"6":{"start":{"line":9,"column":15},"end":{"line":9,"column":30}},"7":{"start":{"line":10,"column":2},"end":{"line":12,"column":5}},"8":{"start":{"line":16,"column":18},"end":{"line":16,"column":37}},"9":{"start":{"line":17,"column":22},"end":{"line":18,"column":null}},"10":{"start":{"line":18,"column":4},"end":{"line":18,"column":31}},"11":{"start":{"line":21,"column":2},"end":{"line":21,"column":57}},"12":{"start":{"line":21,"column":15},"end":{"line":21,"column":56}}},"fnMap":{"0":{"name":"runCommand","decl":{"start":{"line":6,"column":9},"end":{"line":6,"column":19}},"loc":{"start":{"line":6,"column":39},"end":{"line":13,"column":1}}},"1":{"name":"run","decl":{"start":{"line":15,"column":16},"end":{"line":15,"column":19}},"loc":{"start":{"line":15,"column":35},"end":{"line":22,"column":1}}},"2":{"name":"(anonymous_3)","decl":{"start":{"line":17,"column":40},"end":{"line":17,"column":41}},"loc":{"start":{"line":18,"column":4},"end":{"line":18,"column":31}}},"3":{"name":"(anonymous_4)","decl":{"start":{"line":21,"column":9},"end":{"line":21,"column":12}},"loc":{"start":{"line":21,"column":15},"end":{"line":21,"column":56}}}},"branchMap":{},"s":{"0":1,"1":1,"2":1,"3":1,"4":0,"5":0,"6":0,"7":0,"8":0,"9":0,"10":0,"11":0,"12":0},"f":{"0":0,"1":0,"2":0,"3":0},"b":{}}
,"/Users/uanela_como/Documents/development/nodejs/tsx-strict/src/stdout-manipulator.ts": {"path":"/Users/uanela_como/Documents/development/nodejs/tsx-strict/src/stdout-manipulator.ts","statementMap":{"0":{"start":{"line":75,"column":0},"end":{"line":75,"column":16}},"1":{"start":{"line":112,"column":0},"end":{"line":112,"column":16}},"2":{"start":{"line":123,"column":0},"end":{"line":123,"column":16}},"3":{"start":{"line":1,"column":0},"end":{"line":1,"column":32}},"4":{"start":{"line":3,"column":19},"end":{"line":5,"column":null}},"5":{"start":{"line":7,"column":18},"end":{"line":7,"column":62}},"6":{"start":{"line":7,"column":35},"end":{"line":7,"column":62}},"7":{"start":{"line":9,"column":28},"end":{"line":9,"column":63}},"8":{"start":{"line":10,"column":35},"end":{"line":10,"column":62}},"9":{"start":{"line":11,"column":29},"end":{"line":11,"column":57}},"10":{"start":{"line":12,"column":35},"end":{"line":12,"column":53}},"11":{"start":{"line":16,"column":2},"end":{"line":16,"column":61}},"12":{"start":{"line":17,"column":48},"end":{"line":17,"column":78}},"13":{"start":{"line":21,"column":2},"end":{"line":21,"column":49}},"14":{"start":{"line":25,"column":2},"end":{"line":25,"column":110}},"15":{"start":{"line":27,"column":38},"end":{"line":27,"column":58}},"16":{"start":{"line":31,"column":2},"end":{"line":31,"column":108}},"17":{"start":{"line":33,"column":39},"end":{"line":33,"column":59}},"18":{"start":{"line":37,"column":2},"end":{"line":37,"column":79}},"19":{"start":{"line":37,"column":51},"end":{"line":37,"column":77}},"20":{"start":{"line":38,"column":2},"end":{"line":41,"column":4}},"21":{"start":{"line":40,"column":11},"end":{"line":40,"column":37}},"22":{"start":{"line":44,"column":2},"end":{"line":47,"column":4}},"23":{"start":{"line":46,"column":11},"end":{"line":46,"column":37}},"24":{"start":{"line":48,"column":2},"end":{"line":51,"column":4}},"25":{"start":{"line":50,"column":11},"end":{"line":50,"column":37}},"26":{"start":{"line":54,"column":2},"end":{"line":57,"column":4}},"27":{"start":{"line":56,"column":11},"end":{"line":56,"column":37}},"28":{"start":{"line":60,"column":2},"end":{"line":60,"column":78}},"29":{"start":{"line":60,"column":50},"end":{"line":60,"column":76}},"30":{"start":{"line":62,"column":2},"end":{"line":62,"column":14}},"31":{"start":{"line":72,"column":28},"end":{"line":72,"column":33}},"32":{"start":{"line":73,"column":15},"end":{"line":73,"column":17}},"33":{"start":{"line":83,"column":2},"end":{"line":91,"column":3}},"34":{"start":{"line":90,"column":4},"end":{"line":90,"column":11}},"35":{"start":{"line":93,"column":2},"end":{"line":97,"column":3}},"36":{"start":{"line":94,"column":4},"end":{"line":94,"column":34}},"37":{"start":{"line":95,"column":4},"end":{"line":95,"column":20}},"38":{"start":{"line":96,"column":4},"end":{"line":96,"column":11}},"39":{"start":{"line":99,"column":2},"end":{"line":102,"column":3}},"40":{"start":{"line":100,"column":4},"end":{"line":100,"column":76}},"41":{"start":{"line":101,"column":4},"end":{"line":101,"column":33}},"42":{"start":{"line":104,"column":2},"end":{"line":105,"column":42}},"43":{"start":{"line":105,"column":4},"end":{"line":105,"column":42}},"44":{"start":{"line":107,"column":2},"end":{"line":107,"column":48}},"45":{"start":{"line":107,"column":32},"end":{"line":107,"column":48}},"46":{"start":{"line":109,"column":2},"end":{"line":109,"column":47}},"47":{"start":{"line":115,"column":17},"end":{"line":119,"column":26}},"48":{"start":{"line":120,"column":2},"end":{"line":120,"column":16}},"49":{"start":{"line":124,"column":20},"end":{"line":124,"column":35}},"50":{"start":{"line":126,"column":4},"end":{"line":127,"column":49}},"51":{"start":{"line":130,"column":4},"end":{"line":133,"column":46}},"52":{"start":{"line":136,"column":4},"end":{"line":137,"column":50}},"53":{"start":{"line":138,"column":26},"end":{"line":138,"column":68}},"54":{"start":{"line":139,"column":22},"end":{"line":139,"column":74}},"55":{"start":{"line":141,"column":2},"end":{"line":146,"column":4}}},"fnMap":{"0":{"name":"(anonymous_1)","decl":{"start":{"line":7,"column":18},"end":{"line":7,"column":19}},"loc":{"start":{"line":7,"column":35},"end":{"line":7,"column":62}}},"1":{"name":"color","decl":{"start":{"line":35,"column":9},"end":{"line":35,"column":14}},"loc":{"start":{"line":35,"column":27},"end":{"line":63,"column":1}}},"2":{"name":"(anonymous_3)","decl":{"start":{"line":37,"column":44},"end":{"line":37,"column":45}},"loc":{"start":{"line":37,"column":51},"end":{"line":37,"column":77}}},"3":{"name":"(anonymous_4)","decl":{"start":{"line":40,"column":4},"end":{"line":40,"column":5}},"loc":{"start":{"line":40,"column":11},"end":{"line":40,"column":37}}},"4":{"name":"(anonymous_5)","decl":{"start":{"line":46,"column":4},"end":{"line":46,"column":5}},"loc":{"start":{"line":46,"column":11},"end":{"line":46,"column":37}}},"5":{"name":"(anonymous_6)","decl":{"start":{"line":50,"column":4},"end":{"line":50,"column":5}},"loc":{"start":{"line":50,"column":11},"end":{"line":50,"column":37}}},"6":{"name":"(anonymous_7)","decl":{"start":{"line":56,"column":4},"end":{"line":56,"column":5}},"loc":{"start":{"line":56,"column":11},"end":{"line":56,"column":37}}},"7":{"name":"(anonymous_8)","decl":{"start":{"line":60,"column":43},"end":{"line":60,"column":44}},"loc":{"start":{"line":60,"column":50},"end":{"line":60,"column":76}}},"8":{"name":"print","decl":{"start":{"line":75,"column":16},"end":{"line":75,"column":21}},"loc":{"start":{"line":81,"column":22},"end":{"line":110,"column":1}}},"9":{"name":"deleteClear","decl":{"start":{"line":112,"column":16},"end":{"line":112,"column":27}},"loc":{"start":{"line":112,"column":40},"end":{"line":121,"column":1}}},"10":{"name":"detectState","decl":{"start":{"line":123,"column":16},"end":{"line":123,"column":27}},"loc":{"start":{"line":123,"column":40},"end":{"line":147,"column":1}}}},"branchMap":{"0":{"loc":{"start":{"line":77,"column":2},"end":{"line":81,"column":22}},"type":"default-arg","locations":[{"start":{"line":81,"column":20},"end":{"line":81,"column":22}}]},"1":{"loc":{"start":{"line":78,"column":4},"end":{"line":78,"column":20}},"type":"default-arg","locations":[{"start":{"line":78,"column":15},"end":{"line":78,"column":20}}]},"2":{"loc":{"start":{"line":79,"column":4},"end":{"line":79,"column":39}},"type":"default-arg","locations":[{"start":{"line":79,"column":34},"end":{"line":79,"column":39}}]},"3":{"loc":{"start":{"line":80,"column":4},"end":{"line":80,"column":30}},"type":"default-arg","locations":[{"start":{"line":80,"column":25},"end":{"line":80,"column":30}}]},"4":{"loc":{"start":{"line":83,"column":2},"end":{"line":91,"column":3}},"type":"if","locations":[{"start":{"line":83,"column":2},"end":{"line":91,"column":3}},{"start":{},"end":{}}]},"5":{"loc":{"start":{"line":84,"column":4},"end":{"line":88,"column":77}},"type":"binary-expr","locations":[{"start":{"line":84,"column":5},"end":{"line":84,"column":23}},{"start":{"line":85,"column":6},"end":{"line":85,"column":34}},{"start":{"line":86,"column":6},"end":{"line":86,"column":32}},{"start":{"line":87,"column":5},"end":{"line":87,"column":10}},{"start":{"line":88,"column":7},"end":{"line":88,"column":36}},{"start":{"line":88,"column":40},"end":{"line":88,"column":75}}]},"6":{"loc":{"start":{"line":93,"column":2},"end":{"line":97,"column":3}},"type":"if","locations":[{"start":{"line":93,"column":2},"end":{"line":97,"column":3}},{"start":{},"end":{}}]},"7":{"loc":{"start":{"line":93,"column":6},"end":{"line":93,"column":66}},"type":"binary-expr","locations":[{"start":{"line":93,"column":6},"end":{"line":93,"column":31}},{"start":{"line":93,"column":35},"end":{"line":93,"column":66}}]},"8":{"loc":{"start":{"line":99,"column":2},"end":{"line":102,"column":3}},"type":"if","locations":[{"start":{"line":99,"column":2},"end":{"line":102,"column":3}},{"start":{},"end":{}}]},"9":{"loc":{"start":{"line":99,"column":6},"end":{"line":99,"column":59}},"type":"binary-expr","locations":[{"start":{"line":99,"column":6},"end":{"line":99,"column":33}},{"start":{"line":99,"column":37},"end":{"line":99,"column":59}}]},"10":{"loc":{"start":{"line":104,"column":2},"end":{"line":105,"column":42}},"type":"if","locations":[{"start":{"line":104,"column":2},"end":{"line":105,"column":42}},{"start":{},"end":{}}]},"11":{"loc":{"start":{"line":104,"column":6},"end":{"line":104,"column":77}},"type":"binary-expr","locations":[{"start":{"line":104,"column":6},"end":{"line":104,"column":30}},{"start":{"line":104,"column":34},"end":{"line":104,"column":77}}]},"12":{"loc":{"start":{"line":107,"column":2},"end":{"line":107,"column":48}},"type":"if","locations":[{"start":{"line":107,"column":2},"end":{"line":107,"column":48}},{"start":{},"end":{}}]},"13":{"loc":{"start":{"line":109,"column":15},"end":{"line":109,"column":45}},"type":"cond-expr","locations":[{"start":{"line":109,"column":27},"end":{"line":109,"column":31}},{"start":{"line":109,"column":34},"end":{"line":109,"column":45}}]},"14":{"loc":{"start":{"line":126,"column":4},"end":{"line":127,"column":49}},"type":"binary-expr","locations":[{"start":{"line":126,"column":4},"end":{"line":126,"column":43}},{"start":{"line":127,"column":4},"end":{"line":127,"column":49}}]},"15":{"loc":{"start":{"line":130,"column":4},"end":{"line":133,"column":46}},"type":"binary-expr","locations":[{"start":{"line":130,"column":4},"end":{"line":130,"column":53}},{"start":{"line":131,"column":4},"end":{"line":131,"column":59}},{"start":{"line":132,"column":4},"end":{"line":132,"column":40}},{"start":{"line":133,"column":4},"end":{"line":133,"column":46}}]},"16":{"loc":{"start":{"line":136,"column":4},"end":{"line":137,"column":50}},"type":"binary-expr","locations":[{"start":{"line":136,"column":4},"end":{"line":136,"column":44}},{"start":{"line":137,"column":4},"end":{"line":137,"column":50}}]},"17":{"loc":{"start":{"line":139,"column":22},"end":{"line":139,"column":74}},"type":"cond-expr","locations":[{"start":{"line":139,"column":49},"end":{"line":139,"column":67}},{"start":{"line":139,"column":70},"end":{"line":139,"column":74}}]}},"s":{"0":1,"1":1,"2":1,"3":1,"4":1,"5":1,"6":0,"7":1,"8":1,"9":1,"10":1,"11":1,"12":1,"13":1,"14":1,"15":1,"16":1,"17":1,"18":0,"19":0,"20":0,"21":0,"22":0,"23":0,"24":0,"25":0,"26":0,"27":0,"28":0,"29":0,"30":0,"31":1,"32":1,"33":0,"34":0,"35":0,"36":0,"37":0,"38":0,"39":0,"40":0,"41":0,"42":0,"43":0,"44":0,"45":0,"46":0,"47":0,"48":0,"49":0,"50":0,"51":0,"52":0,"53":0,"54":0,"55":0},"f":{"0":0,"1":0,"2":0,"3":0,"4":0,"5":0,"6":0,"7":0,"8":0,"9":0,"10":0},"b":{"0":[0],"1":[0],"2":[0],"3":[0],"4":[0,0],"5":[0,0,0,0,0,0],"6":[0,0],"7":[0,0],"8":[0,0],"9":[0,0],"10":[0,0],"11":[0,0],"12":[0,0],"13":[0,0],"14":[0,0],"15":[0,0,0,0],"16":[0,0],"17":[0,0]}}
,"/Users/uanela_como/Documents/development/nodejs/tsx-strict/src/utils/sheu.ts": {"path":"/Users/uanela_como/Documents/development/nodejs/tsx-strict/src/utils/sheu.ts","statementMap":{"0":{"start":{"line":3,"column":4},"end":{"line":3,"column":36}},"1":{"start":{"line":7,"column":4},"end":{"line":7,"column":36}},"2":{"start":{"line":11,"column":4},"end":{"line":11,"column":36}},"3":{"start":{"line":15,"column":4},"end":{"line":15,"column":36}},"4":{"start":{"line":19,"column":4},"end":{"line":19,"column":36}},"5":{"start":{"line":23,"column":4},"end":{"line":23,"column":36}},"6":{"start":{"line":1,"column":0},"end":{"line":1,"column":21}}},"fnMap":{"0":{"name":"(anonymous_0)","decl":{"start":{"line":2,"column":2},"end":{"line":2,"column":8}},"loc":{"start":{"line":2,"column":22},"end":{"line":4,"column":3}}},"1":{"name":"(anonymous_1)","decl":{"start":{"line":6,"column":2},"end":{"line":6,"column":8}},"loc":{"start":{"line":6,"column":24},"end":{"line":8,"column":3}}},"2":{"name":"(anonymous_2)","decl":{"start":{"line":10,"column":2},"end":{"line":10,"column":8}},"loc":{"start":{"line":10,"column":25},"end":{"line":12,"column":3}}},"3":{"name":"(anonymous_3)","decl":{"start":{"line":14,"column":2},"end":{"line":14,"column":8}},"loc":{"start":{"line":14,"column":23},"end":{"line":16,"column":3}}},"4":{"name":"(anonymous_4)","decl":{"start":{"line":18,"column":2},"end":{"line":18,"column":8}},"loc":{"start":{"line":18,"column":26},"end":{"line":20,"column":3}}},"5":{"name":"(anonymous_5)","decl":{"start":{"line":22,"column":2},"end":{"line":22,"column":8}},"loc":{"start":{"line":22,"column":23},"end":{"line":24,"column":3}}}},"branchMap":{},"s":{"0":0,"1":0,"2":0,"3":0,"4":0,"5":0,"6":1},"f":{"0":0,"1":0,"2":0,"3":0,"4":0,"5":0},"b":{}}
}
