TN:
SF:src/compiler-provider.ts
FN:1,getCompilerPath
FNF:1
FNH:0
FNDA:0,getCompilerPath
DA:1,1
DA:5,0
DA:7,0
DA:8,0
DA:13,0
DA:14,0
DA:16,0
DA:17,0
DA:18,0
DA:20,0
LF:10
LH:1
BRDA:3,0,0,0
BRDA:5,1,0,0
BRDA:5,1,1,0
BRDA:16,2,0,0
BRDA:16,2,1,0
BRF:5
BRH:0
end_of_record
TN:
SF:src/index.ts
FN:14,setTsxKiller
FN:18,getTsxKiller
FN:22,runTsxStrict
FN:36,runTsxCommand
FN:48,(anonymous_14)
FN:76,(anonymous_15)
FN:89,(anonymous_16)
FN:100,(anonymous_17)
FN:117,(anonymous_18)
FN:126,(anonymous_19)
FN:143,(anonymous_20)
FN:148,(anonymous_21)
FN:151,(anonymous_22)
FN:152,(anonymous_23)
FN:153,(anonymous_24)
FN:154,(anonymous_25)
FN:155,(anonymous_26)
FN:158,(anonymous_27)
FN:161,(anonymous_28)
FNF:19
FNH:19
FNDA:3,setTsxKiller
FNDA:2,getTsxKiller
FNDA:29,runTsxStrict
FNDA:32,runTsxCommand
FNDA:3,(anonymous_14)
FNDA:3,(anonymous_15)
FNDA:2,(anonymous_16)
FNDA:11,(anonymous_17)
FNDA:2,(anonymous_18)
FNDA:4,(anonymous_19)
FNDA:1,(anonymous_20)
FNDA:8,(anonymous_21)
FNDA:2,(anonymous_22)
FNDA:1,(anonymous_23)
FNDA:2,(anonymous_24)
FNDA:2,(anonymous_25)
FNDA:1,(anonymous_26)
FNDA:2,(anonymous_27)
FNDA:2,(anonymous_28)
DA:3,2
DA:4,2
DA:5,2
DA:6,2
DA:7,2
DA:8,2
DA:9,2
DA:11,2
DA:12,2
DA:14,2
DA:15,3
DA:18,2
DA:19,2
DA:22,2
DA:31,29
DA:33,29
DA:34,29
DA:37,32
DA:39,32
DA:40,31
DA:42,32
DA:44,32
DA:45,2
DA:48,3
DA:50,2
DA:53,2
DA:54,2
DA:57,32
DA:59,32
DA:62,28
DA:64,28
DA:66,28
DA:68,28
DA:70,28
DA:72,28
DA:73,2
DA:76,3
DA:78,2
DA:81,2
DA:82,2
DA:85,28
DA:86,28
DA:87,27
DA:89,26
DA:90,2
DA:93,26
DA:95,26
DA:96,26
DA:98,26
DA:100,26
DA:101,11
DA:105,11
DA:106,11
DA:107,11
DA:108,11
DA:110,11
DA:113,11
DA:115,11
DA:116,2
DA:117,2
DA:118,2
DA:120,2
DA:124,11
DA:125,4
DA:126,4
DA:127,4
DA:128,4
DA:130,2
DA:131,1
DA:132,1
DA:135,2
DA:136,2
DA:142,26
DA:143,26
DA:144,1
DA:145,1
DA:148,26
DA:150,26
DA:151,2
DA:152,1
DA:153,2
DA:154,2
DA:155,1
DA:158,26
DA:159,2
DA:161,2
DA:163,2
DA:164,2
LF:88
LH:88
BRDA:24,0,0,27
BRDA:25,1,0,28
BRDA:26,2,0,28
BRDA:27,3,0,25
BRDA:28,4,0,27
BRDA:29,5,0,27
BRDA:34,6,0,1
BRDA:34,6,1,28
BRDA:39,7,0,1
BRDA:39,7,1,31
BRDA:39,8,0,32
BRDA:39,8,1,2
BRDA:40,9,0,3
BRDA:40,9,1,28
BRDA:44,10,0,2
BRDA:44,10,1,30
BRDA:64,11,0,1
BRDA:64,11,1,27
BRDA:70,12,0,4
BRDA:70,12,1,24
BRDA:72,13,0,2
BRDA:72,13,1,26
BRDA:86,14,0,1
BRDA:86,14,1,27
BRDA:87,15,0,1
BRDA:87,15,1,26
BRDA:90,16,0,1
BRDA:90,16,1,1
BRDA:111,17,0,11
BRDA:111,17,1,9
BRDA:111,17,2,9
BRDA:113,18,0,1
BRDA:113,18,1,10
BRDA:115,19,0,2
BRDA:115,19,1,9
BRDA:118,20,0,0
BRDA:118,20,1,2
BRDA:124,21,0,4
BRDA:124,21,1,7
BRDA:127,22,0,0
BRDA:127,22,1,4
BRDA:128,23,0,2
BRDA:128,23,1,2
BRDA:130,24,0,1
BRDA:130,24,1,1
BRDA:142,25,0,26
BRDA:142,25,1,0
BRDA:144,26,0,1
BRDA:144,26,1,0
BRDA:144,27,0,1
BRDA:144,27,1,1
BRDA:148,28,0,8
BRDA:148,28,1,8
BRDA:159,29,0,1
BRDA:159,29,1,1
BRF:55
BRH:51
end_of_record
TN:
SF:src/killer.ts
FN:12,(anonymous_1)
FN:18,kill
FN:19,(anonymous_3)
FN:26,(anonymous_4)
FN:29,(anonymous_5)
FN:30,(anonymous_6)
FN:35,(anonymous_7)
FN:48,(anonymous_9)
FN:60,(anonymous_10)
FN:64,(anonymous_11)
FNF:10
FNH:1
FNDA:1,(anonymous_1)
FNDA:0,kill
FNDA:0,(anonymous_3)
FNDA:0,(anonymous_4)
FNDA:0,(anonymous_5)
FNDA:0,(anonymous_6)
FNDA:0,(anonymous_7)
FNDA:0,(anonymous_9)
FNDA:0,(anonymous_10)
FNDA:0,(anonymous_11)
DA:1,1
DA:2,1
DA:3,1
DA:4,1
DA:6,1
DA:7,1
DA:9,1
DA:12,1
DA:13,1
DA:14,0
DA:18,1
DA:19,0
DA:20,0
DA:21,0
DA:22,0
DA:25,0
DA:26,0
DA:28,0
DA:29,0
DA:30,0
DA:31,0
DA:32,0
DA:35,0
DA:41,1
DA:43,1
DA:47,0
DA:48,0
DA:51,0
DA:53,0
DA:54,0
DA:55,0
DA:56,0
DA:59,0
DA:61,0
DA:62,0
DA:65,0
DA:66,0
DA:67,0
DA:70,0
LF:39
LH:12
BRDA:13,0,0,0
BRDA:13,0,1,1
BRDA:20,1,0,0
BRDA:20,1,1,0
BRDA:25,2,0,0
BRDA:25,2,1,0
BRDA:28,3,0,0
BRDA:28,3,1,0
BRDA:47,4,0,0
BRDA:47,4,1,0
BRDA:54,5,0,0
BRDA:54,5,1,0
BRF:12
BRH:1
end_of_record
TN:
SF:src/runner.ts
FN:6,runCommand
FN:15,run
FN:17,(anonymous_3)
FN:21,(anonymous_4)
FNF:4
FNH:0
FNDA:0,runCommand
FNDA:0,run
FNDA:0,(anonymous_3)
FNDA:0,(anonymous_4)
DA:2,1
DA:3,1
DA:4,1
DA:7,0
DA:8,0
DA:9,0
DA:10,0
DA:15,1
DA:16,0
DA:17,0
DA:18,0
DA:21,0
LF:12
LH:4
BRF:0
BRH:0
end_of_record
TN:
SF:src/stdout-manipulator.ts
FN:7,(anonymous_1)
FN:35,color
FN:37,(anonymous_3)
FN:40,(anonymous_4)
FN:46,(anonymous_5)
FN:50,(anonymous_6)
FN:56,(anonymous_7)
FN:60,(anonymous_8)
FN:75,print
FN:112,deleteClear
FN:123,detectState
FNF:11
FNH:0
FNDA:0,(anonymous_1)
FNDA:0,color
FNDA:0,(anonymous_3)
FNDA:0,(anonymous_4)
FNDA:0,(anonymous_5)
FNDA:0,(anonymous_6)
FNDA:0,(anonymous_7)
FNDA:0,(anonymous_8)
FNDA:0,print
FNDA:0,deleteClear
FNDA:0,detectState
DA:1,1
DA:3,1
DA:7,1
DA:9,1
DA:10,1
DA:11,1
DA:12,1
DA:16,1
DA:17,1
DA:21,1
DA:25,1
DA:27,1
DA:31,1
DA:33,1
DA:37,0
DA:38,0
DA:40,0
DA:44,0
DA:46,0
DA:48,0
DA:50,0
DA:54,0
DA:56,0
DA:60,0
DA:62,0
DA:72,1
DA:73,1
DA:75,1
DA:83,0
DA:90,0
DA:93,0
DA:94,0
DA:95,0
DA:96,0
DA:99,0
DA:100,0
DA:101,0
DA:104,0
DA:105,0
DA:107,0
DA:109,0
DA:112,1
DA:115,0
DA:120,0
DA:123,1
DA:124,0
DA:126,0
DA:130,0
DA:136,0
DA:138,0
DA:139,0
DA:141,0
LF:52
LH:19
BRDA:77,0,0,0
BRDA:78,1,0,0
BRDA:79,2,0,0
BRDA:80,3,0,0
BRDA:83,4,0,0
BRDA:83,4,1,0
BRDA:84,5,0,0
BRDA:84,5,1,0
BRDA:84,5,2,0
BRDA:84,5,3,0
BRDA:84,5,4,0
BRDA:84,5,5,0
BRDA:93,6,0,0
BRDA:93,6,1,0
BRDA:93,7,0,0
BRDA:93,7,1,0
BRDA:99,8,0,0
BRDA:99,8,1,0
BRDA:99,9,0,0
BRDA:99,9,1,0
BRDA:104,10,0,0
BRDA:104,10,1,0
BRDA:104,11,0,0
BRDA:104,11,1,0
BRDA:107,12,0,0
BRDA:107,12,1,0
BRDA:109,13,0,0
BRDA:109,13,1,0
BRDA:126,14,0,0
BRDA:126,14,1,0
BRDA:130,15,0,0
BRDA:130,15,1,0
BRDA:130,15,2,0
BRDA:130,15,3,0
BRDA:136,16,0,0
BRDA:136,16,1,0
BRDA:139,17,0,0
BRDA:139,17,1,0
BRF:38
BRH:0
end_of_record
TN:
SF:src/utils/sheu.ts
FN:2,(anonymous_0)
FN:6,(anonymous_1)
FN:10,(anonymous_2)
FN:14,(anonymous_3)
FN:18,(anonymous_4)
FN:22,(anonymous_5)
FNF:6
FNH:0
FNDA:0,(anonymous_0)
FNDA:0,(anonymous_1)
FNDA:0,(anonymous_2)
FNDA:0,(anonymous_3)
FNDA:0,(anonymous_4)
FNDA:0,(anonymous_5)
DA:1,1
DA:3,0
DA:7,0
DA:11,0
DA:15,0
DA:19,0
DA:23,0
LF:7
LH:1
BRF:0
BRH:0
end_of_record
